2026-05-11T17:21:23.604+08:00  INFO 5248 --- [oa-admin] [restartedMain] com.oa.OaAdminApplication                : Starting OaAdminApplication using Java 21.0.11 with PID 5248 (D:\code\code\oa_new\oa-admin\target\classes started by huayw in D:\code\code\oa_new)
2026-05-11T17:21:23.613+08:00 DEBUG 5248 --- [oa-admin] [restartedMain] com.oa.OaAdminApplication                : Running with Spring Boot v3.4.5, Spring v6.2.6
2026-05-11T17:21:23.614+08:00  INFO 5248 --- [oa-admin] [restartedMain] com.oa.OaAdminApplication                : No active profile set, falling back to 1 default profile: "default"
2026-05-11T17:21:23.695+08:00  INFO 5248 --- [oa-admin] [restartedMain] .e.DevToolsPropertyDefaultsPostProcessor : Devtools property defaults active! Set 'spring.devtools.add-properties' to 'false' to disable
2026-05-11T17:21:23.696+08:00  INFO 5248 --- [oa-admin] [restartedMain] .e.DevToolsPropertyDefaultsPostProcessor : For additional web related logging consider setting the 'logging.level.web' property to 'DEBUG'
2026-05-11T17:21:25.306+08:00  WARN 5248 --- [oa-admin] [restartedMain] o.m.s.mapper.ClassPathMapperScanner      : Skipping MapperFactoryBean with name 'addressBookMapper' and 'com.oa.system.mapper.AddressBookMapper' mapperInterface. Bean already defined with the same name!
2026-05-11T17:21:25.306+08:00  WARN 5248 --- [oa-admin] [restartedMain] o.m.s.mapper.ClassPathMapperScanner      : Skipping MapperFactoryBean with name 'addressGroupMapper' and 'com.oa.system.mapper.AddressGroupMapper' mapperInterface. Bean already defined with the same name!
2026-05-11T17:21:25.306+08:00  WARN 5248 --- [oa-admin] [restartedMain] o.m.s.mapper.ClassPathMapperScanner      : Skipping MapperFactoryBean with name 'addressShareMapper' and 'com.oa.system.mapper.AddressShareMapper' mapperInterface. Bean already defined with the same name!
2026-05-11T17:21:25.306+08:00  WARN 5248 --- [oa-admin] [restartedMain] o.m.s.mapper.ClassPathMapperScanner      : Skipping MapperFactoryBean with name 'approvalRecordMapper' and 'com.oa.system.mapper.ApprovalRecordMapper' mapperInterface. Bean already defined with the same name!
2026-05-11T17:21:25.307+08:00  WARN 5248 --- [oa-admin] [restartedMain] o.m.s.mapper.ClassPathMapperScanner      : Skipping MapperFactoryBean with name 'attendanceMapper' and 'com.oa.system.mapper.AttendanceMapper' mapperInterface. Bean already defined with the same name!
2026-05-11T17:21:25.307+08:00  WARN 5248 --- [oa-admin] [restartedMain] o.m.s.mapper.ClassPathMapperScanner      : Skipping MapperFactoryBean with name 'chatGroupMapper' and 'com.oa.system.mapper.ChatGroupMapper' mapperInterface. Bean already defined with the same name!
2026-05-11T17:21:25.307+08:00  WARN 5248 --- [oa-admin] [restartedMain] o.m.s.mapper.ClassPathMapperScanner      : Skipping MapperFactoryBean with name 'deptMapper' and 'com.oa.system.mapper.DeptMapper' mapperInterface. Bean already defined with the same name!
2026-05-11T17:21:25.307+08:00  WARN 5248 --- [oa-admin] [restartedMain] o.m.s.mapper.ClassPathMapperScanner      : Skipping MapperFactoryBean with name 'dictDataMapper' and 'com.oa.system.mapper.DictDataMapper' mapperInterface. Bean already defined with the same name!
2026-05-11T17:21:25.307+08:00  WARN 5248 --- [oa-admin] [restartedMain] o.m.s.mapper.ClassPathMapperScanner      : Skipping MapperFactoryBean with name 'dictTypeMapper' and 'com.oa.system.mapper.DictTypeMapper' mapperInterface. Bean already defined with the same name!
2026-05-11T17:21:25.307+08:00  WARN 5248 --- [oa-admin] [restartedMain] o.m.s.mapper.ClassPathMapperScanner      : Skipping MapperFactoryBean with name 'directorMapper' and 'com.oa.system.mapper.DirectorMapper' mapperInterface. Bean already defined with the same name!
2026-05-11T17:21:25.307+08:00  WARN 5248 --- [oa-admin] [restartedMain] o.m.s.mapper.ClassPathMapperScanner      : Skipping MapperFactoryBean with name 'discussLikeMapper' and 'com.oa.system.mapper.DiscussLikeMapper' mapperInterface. Bean already defined with the same name!
2026-05-11T17:21:25.307+08:00  WARN 5248 --- [oa-admin] [restartedMain] o.m.s.mapper.ClassPathMapperScanner      : Skipping MapperFactoryBean with name 'discussMapper' and 'com.oa.system.mapper.DiscussMapper' mapperInterface. Bean already defined with the same name!
2026-05-11T17:21:25.307+08:00  WARN 5248 --- [oa-admin] [restartedMain] o.m.s.mapper.ClassPathMapperScanner      : Skipping MapperFactoryBean with name 'discussReplyMapper' and 'com.oa.system.mapper.DiscussReplyMapper' mapperInterface. Bean already defined with the same name!
2026-05-11T17:21:25.307+08:00  WARN 5248 --- [oa-admin] [restartedMain] o.m.s.mapper.ClassPathMapperScanner      : Skipping MapperFactoryBean with name 'discussVoteItemMapper' and 'com.oa.system.mapper.DiscussVoteItemMapper' mapperInterface. Bean already defined with the same name!
2026-05-11T17:21:25.308+08:00  WARN 5248 --- [oa-admin] [restartedMain] o.m.s.mapper.ClassPathMapperScanner      : Skipping MapperFactoryBean with name 'discussVoteRecordMapper' and 'com.oa.system.mapper.DiscussVoteRecordMapper' mapperInterface. Bean already defined with the same name!
2026-05-11T17:21:25.308+08:00  WARN 5248 --- [oa-admin] [restartedMain] o.m.s.mapper.ClassPathMapperScanner      : Skipping MapperFactoryBean with name 'fileMapper' and 'com.oa.system.mapper.FileMapper' mapperInterface. Bean already defined with the same name!
2026-05-11T17:21:25.308+08:00  WARN 5248 --- [oa-admin] [restartedMain] o.m.s.mapper.ClassPathMapperScanner      : Skipping MapperFactoryBean with name 'filePathMapper' and 'com.oa.system.mapper.FilePathMapper' mapperInterface. Bean already defined with the same name!
2026-05-11T17:21:25.308+08:00  WARN 5248 --- [oa-admin] [restartedMain] o.m.s.mapper.ClassPathMapperScanner      : Skipping MapperFactoryBean with name 'leaveMapper' and 'com.oa.system.mapper.LeaveMapper' mapperInterface. Bean already defined with the same name!
2026-05-11T17:21:25.308+08:00  WARN 5248 --- [oa-admin] [restartedMain] o.m.s.mapper.ClassPathMapperScanner      : Skipping MapperFactoryBean with name 'mailAccountMapper' and 'com.oa.system.mapper.MailAccountMapper' mapperInterface. Bean already defined with the same name!
2026-05-11T17:21:25.308+08:00  WARN 5248 --- [oa-admin] [restartedMain] o.m.s.mapper.ClassPathMapperScanner      : Skipping MapperFactoryBean with name 'mailMapper' and 'com.oa.system.mapper.MailMapper' mapperInterface. Bean already defined with the same name!
2026-05-11T17:21:25.308+08:00  WARN 5248 --- [oa-admin] [restartedMain] o.m.s.mapper.ClassPathMapperScanner      : Skipping MapperFactoryBean with name 'menuMapper' and 'com.oa.system.mapper.MenuMapper' mapperInterface. Bean already defined with the same name!
2026-05-11T17:21:25.308+08:00  WARN 5248 --- [oa-admin] [restartedMain] o.m.s.mapper.ClassPathMapperScanner      : Skipping MapperFactoryBean with name 'noteCatalogMapper' and 'com.oa.system.mapper.NoteCatalogMapper' mapperInterface. Bean already defined with the same name!
2026-05-11T17:21:25.308+08:00  WARN 5248 --- [oa-admin] [restartedMain] o.m.s.mapper.ClassPathMapperScanner      : Skipping MapperFactoryBean with name 'noteMapper' and 'com.oa.system.mapper.NoteMapper' mapperInterface. Bean already defined with the same name!
2026-05-11T17:21:25.309+08:00  WARN 5248 --- [oa-admin] [restartedMain] o.m.s.mapper.ClassPathMapperScanner      : Skipping MapperFactoryBean with name 'noticeCommentMapper' and 'com.oa.system.mapper.NoticeCommentMapper' mapperInterface. Bean already defined with the same name!
2026-05-11T17:21:25.309+08:00  WARN 5248 --- [oa-admin] [restartedMain] o.m.s.mapper.ClassPathMapperScanner      : Skipping MapperFactoryBean with name 'noticeMapper' and 'com.oa.system.mapper.NoticeMapper' mapperInterface. Bean already defined with the same name!
2026-05-11T17:21:25.309+08:00  WARN 5248 --- [oa-admin] [restartedMain] o.m.s.mapper.ClassPathMapperScanner      : Skipping MapperFactoryBean with name 'overtimeMapper' and 'com.oa.system.mapper.OvertimeMapper' mapperInterface. Bean already defined with the same name!
2026-05-11T17:21:25.309+08:00  WARN 5248 --- [oa-admin] [restartedMain] o.m.s.mapper.ClassPathMapperScanner      : Skipping MapperFactoryBean with name 'planMapper' and 'com.oa.system.mapper.PlanMapper' mapperInterface. Bean already defined with the same name!
2026-05-11T17:21:25.309+08:00  WARN 5248 --- [oa-admin] [restartedMain] o.m.s.mapper.ClassPathMapperScanner      : Skipping MapperFactoryBean with name 'positionMapper' and 'com.oa.system.mapper.PositionMapper' mapperInterface. Bean already defined with the same name!
2026-05-11T17:21:25.310+08:00  WARN 5248 --- [oa-admin] [restartedMain] o.m.s.mapper.ClassPathMapperScanner      : Skipping MapperFactoryBean with name 'processDefinitionMapper' and 'com.oa.system.mapper.ProcessDefinitionMapper' mapperInterface. Bean already defined with the same name!
2026-05-11T17:21:25.310+08:00  WARN 5248 --- [oa-admin] [restartedMain] o.m.s.mapper.ClassPathMapperScanner      : Skipping MapperFactoryBean with name 'processInstanceMapper' and 'com.oa.system.mapper.ProcessInstanceMapper' mapperInterface. Bean already defined with the same name!
2026-05-11T17:21:25.310+08:00  WARN 5248 --- [oa-admin] [restartedMain] o.m.s.mapper.ClassPathMapperScanner      : Skipping MapperFactoryBean with name 'roleMapper' and 'com.oa.system.mapper.RoleMapper' mapperInterface. Bean already defined with the same name!
2026-05-11T17:21:25.310+08:00  WARN 5248 --- [oa-admin] [restartedMain] o.m.s.mapper.ClassPathMapperScanner      : Skipping MapperFactoryBean with name 'scheduleMapper' and 'com.oa.system.mapper.ScheduleMapper' mapperInterface. Bean already defined with the same name!
2026-05-11T17:21:25.310+08:00  WARN 5248 --- [oa-admin] [restartedMain] o.m.s.mapper.ClassPathMapperScanner      : Skipping MapperFactoryBean with name 'sysLogMapper' and 'com.oa.system.mapper.SysLogMapper' mapperInterface. Bean already defined with the same name!
2026-05-11T17:21:25.310+08:00  WARN 5248 --- [oa-admin] [restartedMain] o.m.s.mapper.ClassPathMapperScanner      : Skipping MapperFactoryBean with name 'taskMapper' and 'com.oa.system.mapper.TaskMapper' mapperInterface. Bean already defined with the same name!
2026-05-11T17:21:25.310+08:00  WARN 5248 --- [oa-admin] [restartedMain] o.m.s.mapper.ClassPathMapperScanner      : Skipping MapperFactoryBean with name 'userMapper' and 'com.oa.system.mapper.UserMapper' mapperInterface. Bean already defined with the same name!
2026-05-11T17:21:25.311+08:00  WARN 5248 --- [oa-admin] [restartedMain] o.m.s.mapper.ClassPathMapperScanner      : No MyBatis mapper was found in '[com.oa.system.mapper]' package. Please check your configuration.
2026-05-11T17:21:25.834+08:00  INFO 5248 --- [oa-admin] [restartedMain] o.s.b.w.embedded.tomcat.TomcatWebServer  : Tomcat initialized with port 8080 (http)
2026-05-11T17:21:25.850+08:00  INFO 5248 --- [oa-admin] [restartedMain] o.apache.catalina.core.StandardService   : Starting service [Tomcat]
2026-05-11T17:21:25.850+08:00  INFO 5248 --- [oa-admin] [restartedMain] o.apache.catalina.core.StandardEngine    : Starting Servlet engine: [Apache Tomcat/10.1.40]
2026-05-11T17:21:25.898+08:00  INFO 5248 --- [oa-admin] [restartedMain] o.a.c.c.C.[Tomcat].[localhost].[/]       : Initializing Spring embedded WebApplicationContext
2026-05-11T17:21:25.899+08:00  INFO 5248 --- [oa-admin] [restartedMain] w.s.c.ServletWebServerApplicationContext : Root WebApplicationContext: initialization completed in 2202 ms
2026-05-11T17:21:26.001+08:00  INFO 5248 --- [oa-admin] [restartedMain] com.zaxxer.hikari.HikariDataSource       : HikariPool-1 - Starting...
2026-05-11T17:21:26.221+08:00  INFO 5248 --- [oa-admin] [restartedMain] com.zaxxer.hikari.pool.HikariPool        : HikariPool-1 - Added connection com.mysql.cj.jdbc.ConnectionImpl@430bb76a
2026-05-11T17:21:26.223+08:00  INFO 5248 --- [oa-admin] [restartedMain] com.zaxxer.hikari.HikariDataSource       : HikariPool-1 - Start completed.
2026-05-11T17:21:27.255+08:00 DEBUG 5248 --- [oa-admin] [restartedMain] c.o.s.security.JwtAuthenticationFilter   : Filter 'jwtAuthenticationFilter' configured for use
2026-05-11T17:21:27.701+08:00  WARN 5248 --- [oa-admin] [restartedMain] .s.s.UserDetailsServiceAutoConfiguration : 

Using generated security password: 4a6ef6e9-164d-477b-97b4-ecd6e114dae4

This generated password is for development use only. Your security configuration must be updated before running your application in production.

2026-05-11T17:21:27.711+08:00  INFO 5248 --- [oa-admin] [restartedMain] r$InitializeUserDetailsManagerConfigurer : Global AuthenticationManager configured with UserDetailsService bean with name inMemoryUserDetailsManager
2026-05-11T17:21:28.387+08:00  INFO 5248 --- [oa-admin] [restartedMain] o.s.b.d.a.OptionalLiveReloadServer       : LiveReload server is running on port 35729
2026-05-11T17:21:28.458+08:00  INFO 5248 --- [oa-admin] [restartedMain] o.s.b.w.embedded.tomcat.TomcatWebServer  : Tomcat started on port 8080 (http) with context path '/'
2026-05-11T17:21:28.469+08:00  INFO 5248 --- [oa-admin] [restartedMain] com.oa.OaAdminApplication                : Started OaAdminApplication in 5.465 seconds (process running for 6.071)
